I, [2018-07-10T23:37:15.657829 #89794]  INFO -- : Registered expected interaction GET /api/v1/animal/1
D, [2018-07-10T23:37:15.658221 #89794] DEBUG -- : {
  "description": "A request to get serval info",
  "providerState": "Serval exists",
  "request": {
    "method": "GET",
    "path": "/api/v1/animal/1",
    "headers": {
      "Content-Type": {
        "json_class": "Pact::SomethingLike",
        "contents": "application/json"
      }
    }
  },
  "response": {
    "status": 200,
    "headers": {
      "Content-Type": {
        "json_class": "Pact::SomethingLike",
        "contents": "application/json"
      }
    },
    "body": {
      "id": 1,
      "name": "サーバル"
    }
  }
}
I, [2018-07-10T23:37:15.662314 #89794]  INFO -- : Received request GET /api/v1/animal/1
D, [2018-07-10T23:37:15.662540 #89794] DEBUG -- : {
  "path": "/api/v1/animal/1",
  "query": "",
  "method": "get",
  "headers": {
    "Content-Type": "application/json",
    "Host": "localhost:60249",
    "User-Agent": "Go-http-client/1.1",
    "Accept-Encoding": "gzip",
    "Version": "HTTP/1.1"
  }
}
I, [2018-07-10T23:37:15.662989 #89794]  INFO -- : Found matching response for GET /api/v1/animal/1
D, [2018-07-10T23:37:15.663180 #89794] DEBUG -- : {
  "status": 200,
  "headers": {
    "Content-Type": {
      "json_class": "Pact::SomethingLike",
      "contents": "application/json"
    }
  },
  "body": {
    "id": 1,
    "name": "サーバル"
  }
}
I, [2018-07-10T23:37:15.674155 #89794]  INFO -- : Verifying - interactions matched
I, [2018-07-10T23:37:15.677101 #89794]  INFO -- : Cleared interactions
